0 info it worked if it ends with ok
1 verbose cli [ 'node',
1 verbose cli   '/Users/marcelo.pereira/.nvm/versions/node/v0.12.1/bin/npm',
1 verbose cli   'run',
1 verbose cli   'dev' ]
2 info using npm@2.7.5
3 info using node@v0.12.1
4 verbose stack Error: missing script: dev
4 verbose stack     at run (/Users/marcelo.pereira/.nvm/versions/node/v0.12.1/lib/node_modules/npm/lib/run-script.js:165:19)
4 verbose stack     at /Users/marcelo.pereira/.nvm/versions/node/v0.12.1/lib/node_modules/npm/lib/run-script.js:81:5
4 verbose stack     at /Users/marcelo.pereira/.nvm/versions/node/v0.12.1/lib/node_modules/npm/node_modules/read-package-json/read-json.js:52:40
4 verbose stack     at /Users/marcelo.pereira/.nvm/versions/node/v0.12.1/lib/node_modules/npm/node_modules/read-package-json/read-json.js:376:33
4 verbose stack     at checkBinReferences_ (/Users/marcelo.pereira/.nvm/versions/node/v0.12.1/lib/node_modules/npm/node_modules/read-package-json/read-json.js:341:59)
4 verbose stack     at final (/Users/marcelo.pereira/.nvm/versions/node/v0.12.1/lib/node_modules/npm/node_modules/read-package-json/read-json.js:373:17)
4 verbose stack     at then (/Users/marcelo.pereira/.nvm/versions/node/v0.12.1/lib/node_modules/npm/node_modules/read-package-json/read-json.js:127:33)
4 verbose stack     at /Users/marcelo.pereira/.nvm/versions/node/v0.12.1/lib/node_modules/npm/node_modules/read-package-json/read-json.js:317:48
4 verbose stack     at evalmachine.<anonymous>:265:20
4 verbose stack     at OpenReq.Req.done (/Users/marcelo.pereira/.nvm/versions/node/v0.12.1/lib/node_modules/npm/node_modules/graceful-fs/graceful-fs.js:141:5)
5 verbose cwd /Users/marcelo.pereira/Desktop/q-react-component-template
6 error Darwin 14.1.0
7 error argv "node" "/Users/marcelo.pereira/.nvm/versions/node/v0.12.1/bin/npm" "run" "dev"
8 error node v0.12.1
9 error npm  v2.7.5
10 error missing script: dev
11 error If you need help, you may report this error at:
11 error     <https://github.com/npm/npm/issues>
12 verbose exit [ 1, true ]
